<?xml version="1.0" encoding="UTF-8"?>
<!-- Generated by org.testng.reporters.JUnitReportReporter -->
<testsuite hostname="SSSDEV03" name="org.utility.eZeeMx_testcase" tests="40" failures="0" timestamp="9 Jan 2023 07:45:46 GMT" time="0.109" errors="0">
  <testcase name="TC_16" time="0.000" classname="org.utility.eZeeMx_testcase"/>
  <testcase name="TC_22" time="0.000" classname="org.utility.eZeeMx_testcase"/>
  <testcase name="TC_14" time="0.000" classname="org.utility.eZeeMx_testcase"/>
  <testcase name="TC_30" time="0.000" classname="org.utility.eZeeMx_testcase"/>
  <testcase name="TC_10" time="0.015" classname="org.utility.eZeeMx_testcase"/>
  <testcase name="TC_38" time="0.000" classname="org.utility.eZeeMx_testcase"/>
  <testcase name="TC_02" time="0.000" classname="org.utility.eZeeMx_testcase"/>
  <testcase name="TC_19" time="0.000" classname="org.utility.eZeeMx_testcase"/>
  <testcase name="TC_23" time="0.000" classname="org.utility.eZeeMx_testcase"/>
  <testcase name="TC_27" time="0.000" classname="org.utility.eZeeMx_testcase"/>
  <testcase name="TC_32" time="0.000" classname="org.utility.eZeeMx_testcase"/>
  <testcase name="TC_21" time="0.000" classname="org.utility.eZeeMx_testcase"/>
  <testcase name="TC_35" time="0.000" classname="org.utility.eZeeMx_testcase"/>
  <testcase name="TC_07" time="0.000" classname="org.utility.eZeeMx_testcase"/>
  <testcase name="TC_17" time="0.016" classname="org.utility.eZeeMx_testcase"/>
  <testcase name="TC_20" time="0.000" classname="org.utility.eZeeMx_testcase"/>
  <testcase name="TC_31" time="0.000" classname="org.utility.eZeeMx_testcase"/>
  <testcase name="TC_25" time="0.000" classname="org.utility.eZeeMx_testcase"/>
  <testcase name="Bug02" time="0.000" classname="org.utility.eZeeMx_testcase"/>
  <testcase name="TC_36_1" time="0.000" classname="org.utility.eZeeMx_testcase"/>
  <testcase name="Bug01" time="0.047" classname="org.utility.eZeeMx_testcase"/>
  <testcase name="TC_34" time="0.000" classname="org.utility.eZeeMx_testcase"/>
  <testcase name="TC_33_1" time="0.000" classname="org.utility.eZeeMx_testcase"/>
  <testcase name="TC_05" time="0.000" classname="org.utility.eZeeMx_testcase"/>
  <testcase name="TC_28" time="0.000" classname="org.utility.eZeeMx_testcase"/>
  <testcase name="TC_33_2" time="0.000" classname="org.utility.eZeeMx_testcase"/>
  <testcase name="TC_08" time="0.000" classname="org.utility.eZeeMx_testcase"/>
  <testcase name="TC_15" time="0.000" classname="org.utility.eZeeMx_testcase"/>
  <testcase name="TC_01" time="0.000" classname="org.utility.eZeeMx_testcase"/>
  <testcase name="TC_06" time="0.000" classname="org.utility.eZeeMx_testcase"/>
  <testcase name="TC_12" time="0.000" classname="org.utility.eZeeMx_testcase"/>
  <testcase name="TC_36_2" time="0.000" classname="org.utility.eZeeMx_testcase"/>
  <testcase name="TC_04" time="0.000" classname="org.utility.eZeeMx_testcase"/>
  <testcase name="TC_26" time="0.016" classname="org.utility.eZeeMx_testcase"/>
  <testcase name="TC_37" time="0.015" classname="org.utility.eZeeMx_testcase"/>
  <testcase name="TC_11" time="0.000" classname="org.utility.eZeeMx_testcase"/>
  <testcase name="TC_33_3" time="0.000" classname="org.utility.eZeeMx_testcase"/>
  <testcase name="TC_03" time="0.000" classname="org.utility.eZeeMx_testcase"/>
  <testcase name="TC_29" time="0.000" classname="org.utility.eZeeMx_testcase"/>
  <testcase name="TC_18" time="0.000" classname="org.utility.eZeeMx_testcase"/>
</testsuite> <!-- org.utility.eZeeMx_testcase -->
