<?xml version="1.0" encoding="UTF-8"?>
<!-- Generated by org.testng.reporters.JUnitReportReporter -->
<testsuite hostname="SSSDEV03" name="org.test.WO_Documents" tests="7" failures="0" timestamp="8 Feb 2023 12:54:07 GMT" time="209.968" errors="0">
  <testcase name="TC05" time="26.566" classname="org.test.WO_Documents"/>
  <testcase name="TC02" time="16.955" classname="org.test.WO_Documents"/>
  <testcase name="TC06" time="45.867" classname="org.test.WO_Documents"/>
  <testcase name="TC03" time="48.057" classname="org.test.WO_Documents"/>
  <testcase name="TC01" time="17.099" classname="org.test.WO_Documents"/>
  <testcase name="TC04" time="28.831" classname="org.test.WO_Documents"/>
  <testcase name="TC07" time="26.593" classname="org.test.WO_Documents"/>
</testsuite> <!-- org.test.WO_Documents -->
