<?xml version="1.0" encoding="UTF-8"?>
<!-- Generated by org.testng.reporters.JUnitReportReporter -->
<testsuite hostname="SSSDEV03" name="org.test.Customer_Proposal" tests="7" failures="0" timestamp="8 Feb 2023 12:54:07 GMT" time="184.616" errors="0">
  <testcase name="TC_01" time="22.195" classname="org.test.Customer_Proposal"/>
  <testcase name="TC_07" time="26.907" classname="org.test.Customer_Proposal"/>
  <testcase name="TC_04" time="19.397" classname="org.test.Customer_Proposal"/>
  <testcase name="TC_03" time="23.344" classname="org.test.Customer_Proposal"/>
  <testcase name="TC_06" time="22.880" classname="org.test.Customer_Proposal"/>
  <testcase name="TC_02" time="42.020" classname="org.test.Customer_Proposal"/>
  <testcase name="TC_05" time="27.873" classname="org.test.Customer_Proposal"/>
</testsuite> <!-- org.test.Customer_Proposal -->
