<?xml version="1.0" encoding="UTF-8"?>
<!-- Generated by org.testng.reporters.JUnitReportReporter -->
<testsuite hostname="SSSDEV03" name="org.test.Proposal_Workflow_after" tests="5" failures="0" timestamp="8 Feb 2023 12:54:07 GMT" time="263.845" errors="0">
  <testcase name="TC01" time="20.765" classname="org.test.Proposal_Workflow_after"/>
  <testcase name="TC03" time="78.837" classname="org.test.Proposal_Workflow_after"/>
  <testcase name="TC02" time="100.318" classname="org.test.Proposal_Workflow_after"/>
  <testcase name="TC05" time="34.549" classname="org.test.Proposal_Workflow_after"/>
  <testcase name="TC04" time="29.376" classname="org.test.Proposal_Workflow_after"/>
</testsuite> <!-- org.test.Proposal_Workflow_after -->
