<?xml version="1.0" encoding="UTF-8"?>
<!-- Generated by org.testng.reporters.JUnitReportReporter -->
<testsuite hostname="SSSDEV03" name="org.test.CreateProposal" tests="25" failures="0" timestamp="13 Feb 2023 15:24:34 GMT" time="473.583" errors="0">
  <testcase name="Model" time="17.725" classname="org.test.CreateProposal"/>
  <testcase name="Model" time="16.756" classname="org.test.CreateProposal"/>
  <testcase name="Model" time="18.639" classname="org.test.CreateProposal"/>
  <testcase name="Model" time="21.273" classname="org.test.CreateProposal"/>
  <testcase name="Model" time="17.962" classname="org.test.CreateProposal"/>
  <testcase name="Model" time="19.467" classname="org.test.CreateProposal"/>
  <testcase name="Model" time="17.940" classname="org.test.CreateProposal"/>
  <testcase name="Model" time="16.921" classname="org.test.CreateProposal"/>
  <testcase name="Model" time="20.443" classname="org.test.CreateProposal"/>
  <testcase name="Model" time="19.389" classname="org.test.CreateProposal"/>
  <testcase name="Model" time="17.220" classname="org.test.CreateProposal"/>
  <testcase name="Model" time="18.699" classname="org.test.CreateProposal"/>
  <testcase name="Model" time="18.157" classname="org.test.CreateProposal"/>
  <testcase name="Model" time="19.062" classname="org.test.CreateProposal"/>
  <testcase name="Model" time="17.660" classname="org.test.CreateProposal"/>
  <testcase name="Model" time="18.067" classname="org.test.CreateProposal"/>
  <testcase name="Model" time="18.634" classname="org.test.CreateProposal"/>
  <testcase name="Model" time="18.433" classname="org.test.CreateProposal"/>
  <testcase name="Model" time="18.275" classname="org.test.CreateProposal"/>
  <testcase name="Model" time="18.331" classname="org.test.CreateProposal"/>
  <testcase name="Model" time="17.377" classname="org.test.CreateProposal"/>
  <testcase name="Model" time="31.686" classname="org.test.CreateProposal"/>
  <testcase name="Model" time="18.174" classname="org.test.CreateProposal"/>
  <testcase name="Model" time="17.095" classname="org.test.CreateProposal"/>
  <testcase name="Model" time="20.198" classname="org.test.CreateProposal"/>
</testsuite> <!-- org.test.CreateProposal -->
