<?xml version="1.0" encoding="UTF-8"?>
<!-- Generated by org.testng.reporters.JUnitReportReporter -->
<testsuite hostname="SSSDEV03" name="org.test.Entry" tests="1" failures="0" timestamp="6 Mar 2023 11:36:59 GMT" time="30.895" errors="0">
  <testcase name="TC1" time="30.895" classname="org.test.Entry"/>
</testsuite> <!-- org.test.Entry -->
