<?xml version="1.0" encoding="UTF-8"?>
<!-- Generated by org.testng.reporters.JUnitReportReporter -->
<testsuite hostname="SSSDEV03" name="org.test.EntryTest" tests="1" failures="0" timestamp="5 Jan 2023 07:16:44 GMT" time="0.000" errors="0">
  <testcase name="f" time="0.000" classname="org.test.EntryTest"/>
</testsuite> <!-- org.test.EntryTest -->
