<?xml version="1.0" encoding="UTF-8"?>
<!-- Generated by org.testng.reporters.JUnitReportReporter -->
<testsuite hostname="SSSDEV03" name="org.test.Work_Order" tests="11" failures="0" timestamp="8 Feb 2023 12:54:07 GMT" time="516.779" errors="0">
  <testcase name="TC11" time="52.177" classname="org.test.Work_Order"/>
  <testcase name="TC05" time="19.506" classname="org.test.Work_Order"/>
  <testcase name="TC03" time="37.089" classname="org.test.Work_Order"/>
  <testcase name="TC01" time="17.271" classname="org.test.Work_Order"/>
  <testcase name="TC07" time="59.891" classname="org.test.Work_Order"/>
  <testcase name="TC10" time="63.251" classname="org.test.Work_Order"/>
  <testcase name="TC08" time="102.086" classname="org.test.Work_Order"/>
  <testcase name="TC04" time="48.154" classname="org.test.Work_Order"/>
  <testcase name="TC09" time="20.194" classname="org.test.Work_Order"/>
  <testcase name="TC02" time="57.026" classname="org.test.Work_Order"/>
  <testcase name="TC06" time="40.134" classname="org.test.Work_Order"/>
</testsuite> <!-- org.test.Work_Order -->
