<?xml version="1.0" encoding="UTF-8"?>
<!-- Generated by org.testng.reporters.JUnitReportReporter -->
<testsuite hostname="SSSDEV03" name="org.test.Log_Book" tests="10" failures="0" timestamp="8 Feb 2023 12:54:07 GMT" time="241.512" errors="0">
  <testcase name="TC08" time="22.995" classname="org.test.Log_Book"/>
  <testcase name="TC10" time="20.095" classname="org.test.Log_Book"/>
  <testcase name="TC02" time="23.515" classname="org.test.Log_Book"/>
  <testcase name="TC06" time="36.164" classname="org.test.Log_Book"/>
  <testcase name="TC01" time="29.576" classname="org.test.Log_Book"/>
  <testcase name="TC04" time="16.906" classname="org.test.Log_Book"/>
  <testcase name="TC05" time="20.661" classname="org.test.Log_Book"/>
  <testcase name="TC03" time="19.258" classname="org.test.Log_Book"/>
  <testcase name="TC07" time="29.128" classname="org.test.Log_Book"/>
  <testcase name="TC09" time="23.214" classname="org.test.Log_Book"/>
</testsuite> <!-- org.test.Log_Book -->
