<?xml version="1.0" encoding="UTF-8"?>
<!-- Generated by org.testng.reporters.JUnitReportReporter -->
<testsuite hostname="SSSDEV03" name="org.test.CustomerEntry" tests="8" failures="0" timestamp="8 Feb 2023 12:54:07 GMT" time="103.150" errors="0">
  <testcase name="TC_37" time="23.597" classname="org.test.CustomerEntry"/>
  <testcase name="TC_43" time="14.699" classname="org.test.CustomerEntry"/>
  <testcase name="TC_41" time="10.915" classname="org.test.CustomerEntry"/>
  <testcase name="TC_42" time="11.519" classname="org.test.CustomerEntry"/>
  <testcase name="TC_39" time="9.979" classname="org.test.CustomerEntry"/>
  <testcase name="TC_38" time="11.256" classname="org.test.CustomerEntry"/>
  <testcase name="TC_40" time="11.109" classname="org.test.CustomerEntry"/>
  <testcase name="TC_42" time="10.076" classname="org.test.CustomerEntry"/>
</testsuite> <!-- org.test.CustomerEntry -->
