<?xml version="1.0" encoding="UTF-8"?>
<!-- Generated by org.testng.reporters.JUnitReportReporter -->
<testsuite hostname="SSSDEV03" name="org.test.Proposal_Workflow" tests="1" failures="0" timestamp="8 Feb 2023 15:27:38 GMT" time="135.722" errors="0">
  <testcase name="flow" time="135.722" classname="org.test.Proposal_Workflow"/>
</testsuite> <!-- org.test.Proposal_Workflow -->
