<?xml version="1.0" encoding="UTF-8"?>
<!-- Generated by org.testng.reporters.JUnitReportReporter -->
<testsuite hostname="SSSDEV03" name="org.test.Proposal_Workflow_WO" tests="13" failures="0" timestamp="8 Feb 2023 12:54:07 GMT" time="479.716" errors="0">
  <testcase name="TC10" time="29.321" classname="org.test.Proposal_Workflow_WO"/>
  <testcase name="TC07" time="57.815" classname="org.test.Proposal_Workflow_WO"/>
  <testcase name="TC03" time="19.138" classname="org.test.Proposal_Workflow_WO"/>
  <testcase name="TC01" time="30.677" classname="org.test.Proposal_Workflow_WO"/>
  <testcase name="TC06" time="37.986" classname="org.test.Proposal_Workflow_WO"/>
  <testcase name="TC08" time="39.324" classname="org.test.Proposal_Workflow_WO"/>
  <testcase name="TC05" time="29.548" classname="org.test.Proposal_Workflow_WO"/>
  <testcase name="TC04" time="39.960" classname="org.test.Proposal_Workflow_WO"/>
  <testcase name="TC11" time="52.436" classname="org.test.Proposal_Workflow_WO"/>
  <testcase name="TC12" time="29.189" classname="org.test.Proposal_Workflow_WO"/>
  <testcase name="TC02" time="41.111" classname="org.test.Proposal_Workflow_WO"/>
  <testcase name="TC09" time="30.873" classname="org.test.Proposal_Workflow_WO"/>
  <testcase name="TC13" time="42.338" classname="org.test.Proposal_Workflow_WO"/>
</testsuite> <!-- org.test.Proposal_Workflow_WO -->
